<?xml version="1.0"?><coverage lines-covered="131" lines-valid="393" line-rate="0.3333333333333333" branches-covered="0" branches-valid="0" branch-rate="0" complexity="0" version="1.9" timestamp="1753238698"><sources><source>/Users/miyanaga/dev/pagespeed-quest/rust-http-playback-proxy</source></sources><packages><package name="src/utils" line-rate="0" branch-rate="0" complexity="0"><classes></classes></package><package name="src/recording" line-rate="0.0440251572327044" branch-rate="0" complexity="0"><classes><class name="mod" filename="src/recording/mod.rs" line-rate="0" branch-rate="0" complexity="0"><methods/><lines><line number="10" hits="0"/><line number="16" hits="0"/><line number="18" hits="0"/><line number="19" hits="0"/><line number="20" hits="0"/><line number="22" hits="0"/><line number="23" hits="0"/><line number="26" hits="0"/><line number="27" hits="0"/><line number="28" hits="0"/><line number="30" hits="0"/></lines></class><class name="processor" filename="src/recording/processor.rs" line-rate="0.025" branch-rate="0" complexity="0"><methods/><lines><line number="15" hits="1"/><line number="16" hits="1"/><line number="23" hits="0"/><line number="29" hits="0"/><line number="31" hits="0"/><line number="32" hits="0"/><line number="33" hits="0"/><line number="35" hits="0"/><line number="36" hits="0"/><line number="38" hits="0"/><line number="41" hits="0"/><line number="45" hits="0"/><line number="46" hits="0"/><line number="47" hits="0"/><line number="48" hits="0"/><line number="51" hits="0"/><line number="54" hits="0"/><line number="59" hits="0"/><line number="61" hits="0"/><line number="62" hits="0"/><line number="63" hits="0"/><line number="64" hits="0"/><line number="67" hits="0"/><line number="68" hits="0"/><line number="69" hits="0"/><line number="70" hits="0"/><line number="73" hits="0"/><line number="74" hits="0"/><line number="75" hits="0"/><line number="77" hits="0"/><line number="81" hits="0"/><line number="87" hits="0"/><line number="90" hits="0"/><line number="93" hits="0"/><line number="94" hits="0"/><line number="95" hits="0"/><line number="97" hits="0"/><line number="100" hits="0"/><line number="101" hits="0"/><line number="103" hits="0"/><line number="104" hits="0"/><line number="107" hits="0"/><line number="108" hits="0"/><line number="110" hits="0"/><line number="113" hits="0"/><line number="120" hits="0"/><line number="123" hits="0"/><line number="124" hits="0"/><line number="126" hits="0"/><line number="127" hits="0"/><line number="130" hits="0"/><line number="131" hits="0"/><line number="133" hits="0"/><line number="136" hits="0"/><line number="137" hits="0"/><line number="138" hits="0"/><line number="140" hits="0"/><line number="143" hits="0"/><line number="144" hits="0"/><line number="147" hits="0"/><line number="148" hits="0"/><line number="149" hits="0"/><line number="151" hits="0"/><line number="152" hits="0"/><line number="154" hits="0"/><line number="155" hits="0"/><line number="156" hits="0"/><line number="157" hits="0"/><line number="158" hits="0"/><line number="159" hits="0"/><line number="160" hits="0"/><line number="162" hits="0"/><line number="165" hits="0"/><line number="167" hits="0"/><line number="169" hits="0"/><line number="173" hits="0"/><line number="175" hits="0"/><line number="177" hits="0"/><line number="181" hits="0"/><line number="183" hits="0"/></lines></class><class name="proxy" filename="src/recording/proxy.rs" line-rate="0.07352941176470588" branch-rate="0" complexity="0"><methods/><lines><line number="18" hits="0"/><line number="23" hits="0"/><line number="24" hits="0"/><line number="26" hits="0"/><line number="28" hits="0"/><line number="29" hits="0"/><line number="30" hits="0"/><line number="33" hits="0"/><line number="34" hits="0"/><line number="35" hits="0"/><line number="36" hits="0"/><line number="37" hits="0"/><line number="39" hits="0"/><line number="40" hits="0"/><line number="41" hits="0"/><line number="43" hits="0"/><line number="46" hits="0"/><line number="50" hits="0"/><line number="51" hits="0"/><line number="52" hits="0"/><line number="53" hits="0"/><line number="55" hits="0"/><line number="56" hits="0"/><line number="57" hits="0"/><line number="58" hits="0"/><line number="59" hits="0"/><line number="60" hits="0"/><line number="61" hits="0"/><line number="62" hits="0"/><line number="63" hits="0"/><line number="64" hits="0"/><line number="68" hits="0"/><line number="70" hits="0"/><line number="76" hits="0"/><line number="82" hits="0"/><line number="83" hits="0"/><line number="84" hits="0"/><line number="86" hits="0"/><line number="88" hits="0"/><line number="89" hits="0"/><line number="91" hits="0"/><line number="92" hits="0"/><line number="94" hits="0"/><line number="95" hits="0"/><line number="97" hits="0"/><line number="99" hits="0"/><line number="100" hits="0"/><line number="101" hits="0"/><line number="102" hits="0"/><line number="103" hits="0"/><line number="104" hits="0"/><line number="109" hits="0"/><line number="114" hits="0"/><line number="115" hits="0"/><line number="119" hits="0"/><line number="120" hits="0"/><line number="121" hits="0"/><line number="123" hits="0"/><line number="124" hits="0"/><line number="125" hits="0"/><line number="127" hits="0"/><line number="130" hits="0"/><line number="133" hits="2"/><line number="134" hits="1"/><line number="136" hits="1"/><line number="137" hits="1"/><line number="139" hits="0"/><line number="141" hits="1"/></lines></class></classes></package><package name="src/types" line-rate="0" branch-rate="0" complexity="0"><classes></classes></package><package name="src" line-rate="0.3333333333333333" branch-rate="0" complexity="0"><classes><class name="main" filename="src/main.rs" line-rate="0" branch-rate="0" complexity="0"><methods/><lines><line number="13" hits="0"/><line number="14" hits="0"/><line number="16" hits="0"/><line number="18" hits="0"/><line number="19" hits="0"/><line number="20" hits="0"/><line number="21" hits="0"/><line number="22" hits="0"/><line number="23" hits="0"/><line number="24" hits="0"/><line number="25" hits="0"/><line number="27" hits="0"/><line number="28" hits="0"/><line number="32" hits="0"/></lines></class><class name="types" filename="src/types.rs" line-rate="0.8461538461538461" branch-rate="0" complexity="0"><methods/><lines><line number="21" hits="4"/><line number="22" hits="4"/><line number="23" hits="5"/><line number="24" hits="3"/><line number="25" hits="3"/><line number="26" hits="4"/><line number="27" hits="3"/><line number="28" hits="1"/><line number="98" hits="9"/><line number="119" hits="5"/><line number="123" hits="5"/><line number="129" hits="0"/><line number="130" hits="0"/></lines></class><class name="utils" filename="src/utils.rs" line-rate="0.9285714285714286" branch-rate="0" complexity="0"><methods/><lines><line number="7" hits="2"/><line number="8" hits="4"/><line number="9" hits="4"/><line number="14" hits="0"/><line number="17" hits="2"/><line number="18" hits="2"/><line number="19" hits="1"/><line number="20" hits="1"/><line number="24" hits="5"/><line number="25" hits="10"/><line number="32" hits="13"/><line number="33" hits="1"/><line number="34" hits="1"/><line number="36" hits="18"/><line number="42" hits="4"/><line number="43" hits="0"/><line number="47" hits="3"/><line number="49" hits="3"/><line number="51" hits="2"/><line number="52" hits="4"/><line number="53" hits="1"/><line number="58" hits="1"/><line number="63" hits="1"/><line number="64" hits="1"/><line number="65" hits="1"/><line number="66" hits="1"/><line number="67" hits="1"/><line number="69" hits="1"/><line number="70" hits="1"/><line number="71" hits="0"/><line number="76" hits="1"/><line number="87" hits="6"/><line number="88" hits="6"/><line number="89" hits="6"/><line number="90" hits="5"/><line number="91" hits="4"/><line number="92" hits="3"/><line number="95" hits="5"/><line number="96" hits="8"/><line number="99" hits="1"/><line number="102" hits="2"/><line number="106" hits="2"/></lines></class></classes></package><package name="src/playback" line-rate="0.4484848484848485" branch-rate="0" complexity="0"><classes><class name="mod" filename="src/playback/mod.rs" line-rate="0.3076923076923077" branch-rate="0" complexity="0"><methods/><lines><line number="10" hits="0"/><line number="11" hits="0"/><line number="13" hits="0"/><line number="14" hits="0"/><line number="17" hits="0"/><line number="19" hits="0"/><line number="22" hits="0"/><line number="24" hits="0"/><line number="26" hits="0"/><line number="29" hits="2"/><line number="30" hits="1"/><line number="31" hits="2"/><line number="32" hits="1"/></lines></class><class name="proxy" filename="src/playback/proxy.rs" line-rate="0" branch-rate="0" complexity="0"><methods/><lines><line number="15" hits="0"/><line number="16" hits="0"/><line number="17" hits="0"/><line number="19" hits="0"/><line number="21" hits="0"/><line number="22" hits="0"/><line number="25" hits="0"/><line number="26" hits="0"/><line number="27" hits="0"/><line number="29" hits="0"/><line number="30" hits="0"/><line number="31" hits="0"/><line number="32" hits="0"/><line number="33" hits="0"/><line number="34" hits="0"/><line number="37" hits="0"/><line number="39" hits="0"/><line number="45" hits="0"/><line number="50" hits="0"/><line number="51" hits="0"/><line number="53" hits="0"/><line number="56" hits="0"/><line number="58" hits="0"/><line number="61" hits="0"/><line number="62" hits="0"/><line number="63" hits="0"/><line number="64" hits="0"/><line number="65" hits="0"/><line number="66" hits="0"/><line number="67" hits="0"/><line number="68" hits="0"/><line number="69" hits="0"/><line number="70" hits="0"/><line number="75" hits="0"/><line number="76" hits="0"/><line number="77" hits="0"/><line number="78" hits="0"/><line number="79" hits="0"/><line number="84" hits="0"/><line number="88" hits="0"/><line number="89" hits="0"/><line number="92" hits="0"/><line number="93" hits="0"/><line number="94" hits="0"/><line number="98" hits="0"/><line number="99" hits="0"/><line number="100" hits="0"/><line number="101" hits="0"/><line number="105" hits="0"/><line number="106" hits="0"/><line number="109" hits="0"/><line number="110" hits="0"/><line number="111" hits="0"/><line number="117" hits="0"/><line number="118" hits="0"/><line number="119" hits="0"/><line number="122" hits="0"/><line number="123" hits="0"/><line number="125" hits="0"/></lines></class><class name="transaction" filename="src/playback/transaction.rs" line-rate="0.7526881720430108" branch-rate="0" complexity="0"><methods/><lines><line number="8" hits="1"/><line number="12" hits="1"/><line number="14" hits="3"/><line number="15" hits="2"/><line number="20" hits="1"/><line number="23" hits="2"/><line number="28" hits="5"/><line number="31" hits="1"/><line number="32" hits="0"/><line number="34" hits="0"/><line number="35" hits="0"/><line number="38" hits="0"/><line number="40" hits="1"/><line number="42" hits="0"/><line number="43" hits="2"/><line number="46" hits="0"/><line number="50" hits="2"/><line number="51" hits="0"/><line number="53" hits="2"/><line number="57" hits="2"/><line number="58" hits="0"/><line number="60" hits="2"/><line number="64" hits="2"/><line number="72" hits="0"/><line number="73" hits="0"/><line number="76" hits="0"/><line number="91" hits="3"/><line number="92" hits="3"/><line number="93" hits="3"/><line number="95" hits="3"/><line number="96" hits="0"/><line number="100" hits="3"/><line number="101" hits="3"/><line number="103" hits="3"/><line number="104" hits="3"/><line number="106" hits="9"/><line number="107" hits="3"/><line number="108" hits="3"/><line number="110" hits="3"/><line number="111" hits="3"/><line number="112" hits="3"/><line number="116" hits="3"/><line number="117" hits="3"/><line number="118" hits="3"/><line number="124" hits="2"/><line number="125" hits="2"/><line number="127" hits="4"/><line number="128" hits="2"/><line number="130" hits="1"/><line number="131" hits="1"/><line number="132" hits="1"/><line number="134" hits="52"/><line number="136" hits="6"/><line number="137" hits="6"/><line number="138" hits="6"/><line number="139" hits="6"/><line number="141" hits="6"/><line number="142" hits="6"/><line number="143" hits="6"/><line number="144" hits="6"/><line number="147" hits="28"/><line number="148" hits="4"/><line number="149" hits="4"/><line number="150" hits="12"/><line number="151" hits="0"/><line number="154" hits="27"/><line number="155" hits="27"/><line number="156" hits="27"/><line number="160" hits="1"/><line number="162" hits="1"/><line number="164" hits="1"/><line number="166" hits="6"/><line number="167" hits="6"/><line number="171" hits="0"/><line number="173" hits="0"/><line number="175" hits="0"/><line number="176" hits="0"/><line number="180" hits="0"/><line number="183" hits="2"/><line number="188" hits="3"/><line number="189" hits="3"/><line number="195" hits="1"/><line number="196" hits="1"/><line number="197" hits="1"/><line number="204" hits="1"/><line number="205" hits="1"/><line number="206" hits="1"/><line number="209" hits="0"/><line number="211" hits="0"/><line number="212" hits="0"/><line number="213" hits="0"/><line number="215" hits="0"/><line number="217" hits="1"/></lines></class></classes></package></packages></coverage>